<?xml version="1.0" encoding="UTF-8"?>
<robot generator="Robot 6.0.2 (Python 3.11.2 on win32)" generated="20230616 19:24:12.876" rpa="false" schemaversion="3">
<suite id="s1" name="Zello" source="C:\Users\bruno\OneDrive\Área de Trabalho\QA\Robot Framework\robot\robot_zello\zello.robot">
<test id="s1-t1" name="Testes no zello" line="8">
<kw name="Abrir navegador" library="zello" type="SETUP">
<kw name="Open Browser" library="SeleniumLibrary">
<arg>${SITE}</arg>
<arg>${BROWSER}</arg>
<doc>Opens a new browser instance to the optional ``url``.</doc>
<msg timestamp="20230616 19:24:13.141" level="INFO">Opening browser 'Chrome' to base url 'http://127.0.0.1:5500/zello.html#!/'.</msg>
<status status="PASS" starttime="20230616 19:24:13.141" endtime="20230616 19:24:29.827"/>
</kw>
<kw name="Maximize Browser Window" library="SeleniumLibrary">
<doc>Maximizes current browser window.</doc>
<status status="PASS" starttime="20230616 19:24:29.828" endtime="20230616 19:24:30.023"/>
</kw>
<status status="PASS" starttime="20230616 19:24:13.140" endtime="20230616 19:24:30.023"/>
</kw>
<kw name="Criando um quadro no zello" library="zello">
<kw name="Esperar os elementos carregarem" library="zello">
<kw name="Sleep" library="BuiltIn">
<arg>5</arg>
<doc>Pauses the test executed for the given time.</doc>
<msg timestamp="20230616 19:24:35.027" level="INFO">Slept 5 seconds</msg>
<status status="PASS" starttime="20230616 19:24:30.027" endtime="20230616 19:24:35.027"/>
</kw>
<status status="PASS" starttime="20230616 19:24:30.025" endtime="20230616 19:24:35.027"/>
</kw>
<kw name="Click Element" library="SeleniumLibrary">
<arg>${Create-Board}</arg>
<doc>Click the element identified by ``locator``.</doc>
<msg timestamp="20230616 19:24:35.027" level="INFO">Clicking element 'xpath=//div[7]'.</msg>
<status status="PASS" starttime="20230616 19:24:35.027" endtime="20230616 19:24:36.698"/>
</kw>
<kw name="Input Text" library="SeleniumLibrary">
<arg>${DESCRIPTION}</arg>
<arg>Test1</arg>
<doc>Types the given ``text`` into the text field identified by ``locator``.</doc>
<msg timestamp="20230616 19:24:36.698" level="INFO">Typing text 'Test1' into text field 'tag=input'.</msg>
<status status="PASS" starttime="20230616 19:24:36.698" endtime="20230616 19:24:37.260"/>
</kw>
<kw name="Click Button" library="SeleniumLibrary">
<arg>${BUTTON-SAVE-BOARD}</arg>
<doc>Clicks the button identified by ``locator``.</doc>
<msg timestamp="20230616 19:24:37.260" level="INFO">Clicking button 'css=.Button'.</msg>
<status status="PASS" starttime="20230616 19:24:37.260" endtime="20230616 19:24:37.335"/>
</kw>
<status status="PASS" starttime="20230616 19:24:30.024" endtime="20230616 19:24:37.335"/>
</kw>
<kw name="Criando 5 quadros no zello" library="zello">
<kw name="Repeat Keyword" library="BuiltIn">
<arg>8</arg>
<arg>Repetindo 5 vezes</arg>
<doc>Executes the specified keyword multiple times.</doc>
<msg timestamp="20230616 19:24:37.335" level="INFO">Repeating keyword, round 1/8.</msg>
<kw name="Repetindo 5 vezes" library="zello">
<kw name="Input Text" library="SeleniumLibrary">
<arg>${DESCRIPTION}</arg>
<arg>${TEXT}</arg>
<doc>Types the given ``text`` into the text field identified by ``locator``.</doc>
<msg timestamp="20230616 19:24:37.335" level="INFO">Typing text 'Teste' into text field 'tag=input'.</msg>
<status status="PASS" starttime="20230616 19:24:37.335" endtime="20230616 19:24:37.493"/>
</kw>
<kw name="Click Button" library="SeleniumLibrary">
<arg>${BUTTON-SAVE-BOARD}</arg>
<doc>Clicks the button identified by ``locator``.</doc>
<msg timestamp="20230616 19:24:37.493" level="INFO">Clicking button 'css=.Button'.</msg>
<status status="PASS" starttime="20230616 19:24:37.493" endtime="20230616 19:24:37.540"/>
</kw>
<status status="PASS" starttime="20230616 19:24:37.335" endtime="20230616 19:24:37.540"/>
</kw>
<msg timestamp="20230616 19:24:37.540" level="INFO">Repeating keyword, round 2/8.</msg>
<kw name="Repetindo 5 vezes" library="zello">
<kw name="Input Text" library="SeleniumLibrary">
<arg>${DESCRIPTION}</arg>
<arg>${TEXT}</arg>
<doc>Types the given ``text`` into the text field identified by ``locator``.</doc>
<msg timestamp="20230616 19:24:37.540" level="INFO">Typing text 'Teste' into text field 'tag=input'.</msg>
<status status="PASS" starttime="20230616 19:24:37.540" endtime="20230616 19:24:37.603"/>
</kw>
<kw name="Click Button" library="SeleniumLibrary">
<arg>${BUTTON-SAVE-BOARD}</arg>
<doc>Clicks the button identified by ``locator``.</doc>
<msg timestamp="20230616 19:24:37.603" level="INFO">Clicking button 'css=.Button'.</msg>
<status status="PASS" starttime="20230616 19:24:37.603" endtime="20230616 19:24:37.728"/>
</kw>
<status status="PASS" starttime="20230616 19:24:37.540" endtime="20230616 19:24:37.728"/>
</kw>
<msg timestamp="20230616 19:24:37.728" level="INFO">Repeating keyword, round 3/8.</msg>
<kw name="Repetindo 5 vezes" library="zello">
<kw name="Input Text" library="SeleniumLibrary">
<arg>${DESCRIPTION}</arg>
<arg>${TEXT}</arg>
<doc>Types the given ``text`` into the text field identified by ``locator``.</doc>
<msg timestamp="20230616 19:24:37.731" level="INFO">Typing text 'Teste' into text field 'tag=input'.</msg>
<status status="PASS" starttime="20230616 19:24:37.729" endtime="20230616 19:24:37.826"/>
</kw>
<kw name="Click Button" library="SeleniumLibrary">
<arg>${BUTTON-SAVE-BOARD}</arg>
<doc>Clicks the button identified by ``locator``.</doc>
<msg timestamp="20230616 19:24:37.826" level="INFO">Clicking button 'css=.Button'.</msg>
<status status="PASS" starttime="20230616 19:24:37.826" endtime="20230616 19:24:37.888"/>
</kw>
<status status="PASS" starttime="20230616 19:24:37.729" endtime="20230616 19:24:37.888"/>
</kw>
<msg timestamp="20230616 19:24:37.888" level="INFO">Repeating keyword, round 4/8.</msg>
<kw name="Repetindo 5 vezes" library="zello">
<kw name="Input Text" library="SeleniumLibrary">
<arg>${DESCRIPTION}</arg>
<arg>${TEXT}</arg>
<doc>Types the given ``text`` into the text field identified by ``locator``.</doc>
<msg timestamp="20230616 19:24:37.904" level="INFO">Typing text 'Teste' into text field 'tag=input'.</msg>
<status status="PASS" starttime="20230616 19:24:37.904" endtime="20230616 19:24:38.015"/>
</kw>
<kw name="Click Button" library="SeleniumLibrary">
<arg>${BUTTON-SAVE-BOARD}</arg>
<doc>Clicks the button identified by ``locator``.</doc>
<msg timestamp="20230616 19:24:38.015" level="INFO">Clicking button 'css=.Button'.</msg>
<status status="PASS" starttime="20230616 19:24:38.015" endtime="20230616 19:24:38.078"/>
</kw>
<status status="PASS" starttime="20230616 19:24:37.904" endtime="20230616 19:24:38.078"/>
</kw>
<msg timestamp="20230616 19:24:38.078" level="INFO">Repeating keyword, round 5/8.</msg>
<kw name="Repetindo 5 vezes" library="zello">
<kw name="Input Text" library="SeleniumLibrary">
<arg>${DESCRIPTION}</arg>
<arg>${TEXT}</arg>
<doc>Types the given ``text`` into the text field identified by ``locator``.</doc>
<msg timestamp="20230616 19:24:38.078" level="INFO">Typing text 'Teste' into text field 'tag=input'.</msg>
<status status="PASS" starttime="20230616 19:24:38.078" endtime="20230616 19:24:38.163"/>
</kw>
<kw name="Click Button" library="SeleniumLibrary">
<arg>${BUTTON-SAVE-BOARD}</arg>
<doc>Clicks the button identified by ``locator``.</doc>
<msg timestamp="20230616 19:24:38.163" level="INFO">Clicking button 'css=.Button'.</msg>
<status status="PASS" starttime="20230616 19:24:38.163" endtime="20230616 19:24:38.226"/>
</kw>
<status status="PASS" starttime="20230616 19:24:38.078" endtime="20230616 19:24:38.226"/>
</kw>
<msg timestamp="20230616 19:24:38.226" level="INFO">Repeating keyword, round 6/8.</msg>
<kw name="Repetindo 5 vezes" library="zello">
<kw name="Input Text" library="SeleniumLibrary">
<arg>${DESCRIPTION}</arg>
<arg>${TEXT}</arg>
<doc>Types the given ``text`` into the text field identified by ``locator``.</doc>
<msg timestamp="20230616 19:24:38.226" level="INFO">Typing text 'Teste' into text field 'tag=input'.</msg>
<status status="PASS" starttime="20230616 19:24:38.226" endtime="20230616 19:24:38.320"/>
</kw>
<kw name="Click Button" library="SeleniumLibrary">
<arg>${BUTTON-SAVE-BOARD}</arg>
<doc>Clicks the button identified by ``locator``.</doc>
<msg timestamp="20230616 19:24:38.336" level="INFO">Clicking button 'css=.Button'.</msg>
<status status="PASS" starttime="20230616 19:24:38.336" endtime="20230616 19:24:38.398"/>
</kw>
<status status="PASS" starttime="20230616 19:24:38.226" endtime="20230616 19:24:38.398"/>
</kw>
<msg timestamp="20230616 19:24:38.398" level="INFO">Repeating keyword, round 7/8.</msg>
<kw name="Repetindo 5 vezes" library="zello">
<kw name="Input Text" library="SeleniumLibrary">
<arg>${DESCRIPTION}</arg>
<arg>${TEXT}</arg>
<doc>Types the given ``text`` into the text field identified by ``locator``.</doc>
<msg timestamp="20230616 19:24:38.414" level="INFO">Typing text 'Teste' into text field 'tag=input'.</msg>
<status status="PASS" starttime="20230616 19:24:38.398" endtime="20230616 19:24:38.492"/>
</kw>
<kw name="Click Button" library="SeleniumLibrary">
<arg>${BUTTON-SAVE-BOARD}</arg>
<doc>Clicks the button identified by ``locator``.</doc>
<msg timestamp="20230616 19:24:38.492" level="INFO">Clicking button 'css=.Button'.</msg>
<status status="PASS" starttime="20230616 19:24:38.492" endtime="20230616 19:24:38.554"/>
</kw>
<status status="PASS" starttime="20230616 19:24:38.398" endtime="20230616 19:24:38.554"/>
</kw>
<msg timestamp="20230616 19:24:38.554" level="INFO">Repeating keyword, round 8/8.</msg>
<kw name="Repetindo 5 vezes" library="zello">
<kw name="Input Text" library="SeleniumLibrary">
<arg>${DESCRIPTION}</arg>
<arg>${TEXT}</arg>
<doc>Types the given ``text`` into the text field identified by ``locator``.</doc>
<msg timestamp="20230616 19:24:38.554" level="INFO">Typing text 'Teste' into text field 'tag=input'.</msg>
<status status="PASS" starttime="20230616 19:24:38.554" endtime="20230616 19:24:38.628"/>
</kw>
<kw name="Click Button" library="SeleniumLibrary">
<arg>${BUTTON-SAVE-BOARD}</arg>
<doc>Clicks the button identified by ``locator``.</doc>
<msg timestamp="20230616 19:24:38.628" level="INFO">Clicking button 'css=.Button'.</msg>
<status status="PASS" starttime="20230616 19:24:38.628" endtime="20230616 19:24:38.681"/>
</kw>
<status status="PASS" starttime="20230616 19:24:38.554" endtime="20230616 19:24:38.681"/>
</kw>
<status status="PASS" starttime="20230616 19:24:37.335" endtime="20230616 19:24:38.681"/>
</kw>
<kw name="Sleep" library="BuiltIn">
<arg>2</arg>
<doc>Pauses the test executed for the given time.</doc>
<msg timestamp="20230616 19:24:40.682" level="INFO">Slept 2 seconds</msg>
<status status="PASS" starttime="20230616 19:24:38.681" endtime="20230616 19:24:40.682"/>
</kw>
<status status="PASS" starttime="20230616 19:24:37.335" endtime="20230616 19:24:40.682"/>
</kw>
<kw name="Adicionando um card no zello" library="zello">
<kw name="Click Element" library="SeleniumLibrary">
<arg>${BOARD-LIFE}</arg>
<doc>Click the element identified by ``locator``.</doc>
<msg timestamp="20230616 19:24:40.682" level="INFO">Clicking element 'xpath=//*/div[2]/div[2]/div[1]'.</msg>
<status status="PASS" starttime="20230616 19:24:40.682" endtime="20230616 19:24:40.796"/>
</kw>
<kw name="Wait Until Element Is Visible" library="SeleniumLibrary">
<arg>${ADD-CARD}</arg>
<doc>Waits until the element ``locator`` is visible.</doc>
<status status="PASS" starttime="20230616 19:24:40.796" endtime="20230616 19:24:40.904"/>
</kw>
<kw name="Click Element" library="SeleniumLibrary">
<arg>${ADD-CARD}</arg>
<doc>Click the element identified by ``locator``.</doc>
<msg timestamp="20230616 19:24:40.904" level="INFO">Clicking element 'XPATH=//*[@id="0"]/h5'.</msg>
<status status="PASS" starttime="20230616 19:24:40.904" endtime="20230616 19:24:40.967"/>
</kw>
<kw name="Input Text" library="SeleniumLibrary">
<arg>${CARD-TEXT}</arg>
<arg>${TEXT}</arg>
<doc>Types the given ``text`` into the text field identified by ``locator``.</doc>
<msg timestamp="20230616 19:24:40.967" level="INFO">Typing text 'Teste' into text field 'xpath=//*[@id="0"]/textarea'.</msg>
<status status="PASS" starttime="20230616 19:24:40.967" endtime="20230616 19:24:41.035"/>
</kw>
<kw name="Click Element" library="SeleniumLibrary">
<arg>${BUTTON-ADD-CARD}</arg>
<doc>Click the element identified by ``locator``.</doc>
<msg timestamp="20230616 19:24:41.036" level="INFO">Clicking element 'xpath=//*[@id="0"]//button'.</msg>
<status status="PASS" starttime="20230616 19:24:41.035" endtime="20230616 19:24:41.075"/>
</kw>
<kw name="Wait Until Element Is Visible" library="SeleniumLibrary">
<arg>${BACK-BOARDS}</arg>
<doc>Waits until the element ``locator`` is visible.</doc>
<status status="PASS" starttime="20230616 19:24:41.075" endtime="20230616 19:24:41.110"/>
</kw>
<kw name="Click Element" library="SeleniumLibrary">
<arg>${BACK-BOARDS}</arg>
<doc>Click the element identified by ``locator``.</doc>
<msg timestamp="20230616 19:24:41.110" level="INFO">Clicking element 'xpath=//*[@id="trello-app"]/nav/div[1]'.</msg>
<status status="PASS" starttime="20230616 19:24:41.110" endtime="20230616 19:24:41.154"/>
</kw>
<status status="PASS" starttime="20230616 19:24:40.682" endtime="20230616 19:24:41.154"/>
</kw>
<kw name="Cirando um card no quadro novo" library="zello">
<kw name="Click Element" library="SeleniumLibrary">
<arg>${Create-Board}</arg>
<doc>Click the element identified by ``locator``.</doc>
<msg timestamp="20230616 19:24:41.154" level="INFO">Clicking element 'xpath=//div[7]'.</msg>
<status status="PASS" starttime="20230616 19:24:41.154" endtime="20230616 19:24:41.200"/>
</kw>
<kw name="Sleep" library="BuiltIn">
<arg>1</arg>
<doc>Pauses the test executed for the given time.</doc>
<msg timestamp="20230616 19:24:42.201" level="INFO">Slept 1 second</msg>
<status status="PASS" starttime="20230616 19:24:41.200" endtime="20230616 19:24:42.201"/>
</kw>
<kw name="Click Element" library="SeleniumLibrary">
<arg>${ADD-LIST}</arg>
<doc>Click the element identified by ``locator``.</doc>
<msg timestamp="20230616 19:24:42.201" level="INFO">Clicking element 'tag=h3'.</msg>
<status status="PASS" starttime="20230616 19:24:42.201" endtime="20230616 19:24:42.251"/>
</kw>
<kw name="Input Text" library="SeleniumLibrary">
<arg>${LIST-DESCRIPTION}</arg>
<arg>testando</arg>
<doc>Types the given ``text`` into the text field identified by ``locator``.</doc>
<msg timestamp="20230616 19:24:42.251" level="INFO">Typing text 'testando' into text field 'xpath=//*[@id="trello-app"]/div//div[3]//input'.</msg>
<status status="PASS" starttime="20230616 19:24:42.251" endtime="20230616 19:24:42.321"/>
</kw>
<kw name="Click Element" library="SeleniumLibrary">
<arg>${BUTTON-SAVE-CARD}</arg>
<doc>Click the element identified by ``locator``.</doc>
<msg timestamp="20230616 19:24:42.321" level="INFO">Clicking element 'xpath=//*[@id="trello-app"]//div[2]/div[3]/div//button'.</msg>
<status status="PASS" starttime="20230616 19:24:42.321" endtime="20230616 19:24:42.361"/>
</kw>
<kw name="Wait Until Element Is Visible" library="SeleniumLibrary">
<arg>${ADD-CARD}</arg>
<doc>Waits until the element ``locator`` is visible.</doc>
<status status="PASS" starttime="20230616 19:24:42.361" endtime="20230616 19:24:42.393"/>
</kw>
<kw name="Click Element" library="SeleniumLibrary">
<arg>${ADD-CARD}</arg>
<doc>Click the element identified by ``locator``.</doc>
<msg timestamp="20230616 19:24:42.393" level="INFO">Clicking element 'XPATH=//*[@id="0"]/h5'.</msg>
<status status="PASS" starttime="20230616 19:24:42.393" endtime="20230616 19:24:42.439"/>
</kw>
<kw name="Input Text" library="SeleniumLibrary">
<arg>${CARD-TEXT}</arg>
<arg>testando1</arg>
<doc>Types the given ``text`` into the text field identified by ``locator``.</doc>
<msg timestamp="20230616 19:24:42.439" level="INFO">Typing text 'testando1' into text field 'xpath=//*[@id="0"]/textarea'.</msg>
<status status="PASS" starttime="20230616 19:24:42.439" endtime="20230616 19:24:42.512"/>
</kw>
<kw name="Click Element" library="SeleniumLibrary">
<arg>${BUTTON-ADD-CARD}</arg>
<doc>Click the element identified by ``locator``.</doc>
<msg timestamp="20230616 19:24:42.512" level="INFO">Clicking element 'xpath=//*[@id="0"]//button'.</msg>
<status status="PASS" starttime="20230616 19:24:42.512" endtime="20230616 19:24:42.547"/>
</kw>
<kw name="Sleep" library="BuiltIn">
<arg>3</arg>
<doc>Pauses the test executed for the given time.</doc>
<msg timestamp="20230616 19:24:45.547" level="INFO">Slept 3 seconds</msg>
<status status="PASS" starttime="20230616 19:24:42.547" endtime="20230616 19:24:45.547"/>
</kw>
<kw name="Close Browser" library="SeleniumLibrary">
<doc>Closes the current browser.</doc>
<status status="PASS" starttime="20230616 19:24:45.547" endtime="20230616 19:24:49.113"/>
</kw>
<status status="PASS" starttime="20230616 19:24:41.154" endtime="20230616 19:24:49.113"/>
</kw>
<kw name="Close Browser" library="SeleniumLibrary" type="TEARDOWN">
<doc>Closes the current browser.</doc>
<status status="PASS" starttime="20230616 19:24:49.113" endtime="20230616 19:24:49.113"/>
</kw>
<status status="PASS" starttime="20230616 19:24:13.128" endtime="20230616 19:24:49.113"/>
</test>
<status status="PASS" starttime="20230616 19:24:12.923" endtime="20230616 19:24:49.113"/>
</suite>
<statistics>
<total>
<stat pass="1" fail="0" skip="0">All Tests</stat>
</total>
<tag>
</tag>
<suite>
<stat pass="1" fail="0" skip="0" id="s1" name="Zello">Zello</stat>
</suite>
</statistics>
<errors>
</errors>
</robot>
